-------------------------------------------------------------------------------
Test set: com.planittesting.tests.ContactTests
-------------------------------------------------------------------------------
Tests run: 2, Failures: 0, Errors: 1, Skipped: 0, Time elapsed: 53.174 s <<< FAILURE! - in com.planittesting.tests.ContactTests
validateContactFormSubmission  Time elapsed: 41.935 s  <<< ERROR!
org.openqa.selenium.TimeoutException: Expected condition failed: waiting for com.planittesting.model.pages.ContactPage$$Lambda$706/0x0000000800f20218@45404d5 (tried for 30 second(s) with 500 milliseconds interval)
	at com.planittesting.tests.ContactTests.validateContactFormSubmission(ContactTests.java:72)
Caused by: org.openqa.selenium.NoSuchElementException: 
no such element: Unable to locate element: {"method":"css selector","selector":".alert\-success"}
  (Session info: chrome=103.0.5060.134)
For documentation on this error, please visit: https://selenium.dev/exceptions/#no_such_element
Build info: version: '4.0.0', revision: '3a21814679'
System info: host: 'PL-AU-PF3QAFK0', ip: '192.168.253.247', os.name: 'Windows 10', os.arch: 'amd64', os.version: '10.0', java.version: '17.0.1'
Driver info: org.openqa.selenium.chrome.ChromeDriver
Command: [e08c33ef5e6247d917dd5f84d65b177e, findElement {using=css selector, value=.alert\-success}]
Capabilities {acceptInsecureCerts: false, browserName: chrome, browserVersion: 103.0.5060.134, chrome: {chromedriverVersion: 103.0.5060.134 (8ec6fce403b..., userDataDir: C:\Users\mkaya\AppData\Loca...}, goog:chromeOptions: {debuggerAddress: localhost:63789}, javascriptEnabled: true, networkConnectionEnabled: false, pageLoadStrategy: normal, platform: WINDOWS, platformName: WINDOWS, proxy: Proxy(), se:cdp: ws://localhost:63789/devtoo..., se:cdpVersion: 103.0.5060.134, setWindowRect: true, strictFileInteractability: false, timeouts: {implicit: 0, pageLoad: 300000, script: 30000}, unhandledPromptBehavior: dismiss and notify, webauthn:extension:credBlob: true, webauthn:extension:largeBlob: true, webauthn:virtualAuthenticators: true}
Session ID: e08c33ef5e6247d917dd5f84d65b177e
	at com.planittesting.tests.ContactTests.validateContactFormSubmission(ContactTests.java:72)

